#-----------------------------------------------------------
# Vivado v2018.3 (64-bit)
# SW Build 2405991 on Thu Dec  6 23:38:27 MST 2018
# IP Build 2404404 on Fri Dec  7 01:43:56 MST 2018
# Start of session at: Thu Jul  6 10:30:35 2023
# Process ID: 5448
# Current directory: E:/comp2012/proj_miniRV/proj_single_cycle
# Command line: vivado.exe -gui_launcher_event rodinguilauncherevent6764 E:\comp2012\proj_miniRV\proj_single_cycle\proj_single_cycle.xpr
# Log file: E:/comp2012/proj_miniRV/proj_single_cycle/vivado.log
# Journal file: E:/comp2012/proj_miniRV/proj_single_cycle\vivado.jou
#-----------------------------------------------------------
start_gui
open_project E:/comp2012/proj_miniRV/proj_single_cycle/proj_single_cycle.xpr
Scanning sources...
Finished scanning sources
INFO: [IP_Flow 19-234] Refreshing IP repositories
INFO: [IP_Flow 19-1704] No user IP repositories specified
INFO: [IP_Flow 19-2313] Loaded Vivado IP repository 'C:/Xilinx/Vivado/2018.3/data/ip'.
open_project: Time (s): cpu = 00:00:11 ; elapsed = 00:00:05 . Memory (MB): peak = 1075.582 ; gain = 193.789
update_compile_order -fileset sources_1
set_property SOURCE_SET sources_1 [get_filesets sim_1]
close [ open E:/comp2012/proj_miniRV/proj_single_cycle/proj_single_cycle.srcs/sim_1/new/cpuclk_sim.v w ]
add_files -fileset sim_1 E:/comp2012/proj_miniRV/proj_single_cycle/proj_single_cycle.srcs/sim_1/new/cpuclk_sim.v
update_compile_order -fileset sim_1
set_property top cpuclk_sim [get_filesets sim_1]
set_property top_lib xil_defaultlib [get_filesets sim_1]
update_compile_order -fileset sim_1
create_ip -name dist_mem_gen -vendor xilinx.com -library ip -version 8.0 -module_name IROM -dir e:/comp2012/proj_miniRV/proj_single_cycle/proj_single_cycle.srcs/sources_1/ip
set_property -dict [list CONFIG.depth {16384} CONFIG.data_width {32} CONFIG.Component_Name {IROM} CONFIG.memory_type {rom}] [get_ips IROM]
WARNING: [Vivado 12-3523] Attempt to change 'Component_Name' from 'IROM' to 'IROM' is not allowed and is ignored.
generate_target {instantiation_template} [get_files e:/comp2012/proj_miniRV/proj_single_cycle/proj_single_cycle.srcs/sources_1/ip/IROM/IROM.xci]
INFO: [IP_Flow 19-1686] Generating 'Instantiation Template' target for IP 'IROM'...
update_compile_order -fileset sources_1
generate_target all [get_files  e:/comp2012/proj_miniRV/proj_single_cycle/proj_single_cycle.srcs/sources_1/ip/IROM/IROM.xci]
INFO: [IP_Flow 19-1686] Generating 'Synthesis' target for IP 'IROM'...
INFO: [IP_Flow 19-1686] Generating 'Simulation' target for IP 'IROM'...
INFO: [IP_Flow 19-1686] Generating 'Change Log' target for IP 'IROM'...
catch { config_ip_cache -export [get_ips -all IROM] }
export_ip_user_files -of_objects [get_files e:/comp2012/proj_miniRV/proj_single_cycle/proj_single_cycle.srcs/sources_1/ip/IROM/IROM.xci] -no_script -sync -force -quiet
create_ip_run [get_files -of_objects [get_fileset sources_1] e:/comp2012/proj_miniRV/proj_single_cycle/proj_single_cycle.srcs/sources_1/ip/IROM/IROM.xci]
launch_runs -jobs 8 IROM_synth_1
[Thu Jul  6 10:36:15 2023] Launched IROM_synth_1...
Run output will be captured here: E:/comp2012/proj_miniRV/proj_single_cycle/proj_single_cycle.runs/IROM_synth_1/runme.log
export_simulation -of_objects [get_files e:/comp2012/proj_miniRV/proj_single_cycle/proj_single_cycle.srcs/sources_1/ip/IROM/IROM.xci] -directory E:/comp2012/proj_miniRV/proj_single_cycle/proj_single_cycle.ip_user_files/sim_scripts -ip_user_files_dir E:/comp2012/proj_miniRV/proj_single_cycle/proj_single_cycle.ip_user_files -ipstatic_source_dir E:/comp2012/proj_miniRV/proj_single_cycle/proj_single_cycle.ip_user_files/ipstatic -lib_map_path [list {modelsim=E:/comp2012/proj_miniRV/proj_single_cycle/proj_single_cycle.cache/compile_simlib/modelsim} {questa=E:/comp2012/proj_miniRV/proj_single_cycle/proj_single_cycle.cache/compile_simlib/questa} {riviera=E:/comp2012/proj_miniRV/proj_single_cycle/proj_single_cycle.cache/compile_simlib/riviera} {activehdl=E:/comp2012/proj_miniRV/proj_single_cycle/proj_single_cycle.cache/compile_simlib/activehdl}] -use_ip_compiled_libs -force -quiet
set_property -dict [list CONFIG.coefficient_file {E:/comp2012/proj_miniRV/proj_single_cycle/IROM.coe}] [get_ips IROM]
INFO: [IP_Flow 19-3484] Absolute path of file 'e:/comp2012/proj_miniRV/proj_single_cycle/IROM.coe' provided. It will be converted relative to IP Instance files '../../../../IROM.coe'
generate_target all [get_files  e:/comp2012/proj_miniRV/proj_single_cycle/proj_single_cycle.srcs/sources_1/ip/IROM/IROM.xci]
INFO: [IP_Flow 19-1686] Generating 'Instantiation Template' target for IP 'IROM'...
INFO: [IP_Flow 19-1686] Generating 'Synthesis' target for IP 'IROM'...
INFO: [IP_Flow 19-1686] Generating 'Simulation' target for IP 'IROM'...
INFO: [IP_Flow 19-1686] Generating 'Change Log' target for IP 'IROM'...
catch { config_ip_cache -export [get_ips -all IROM] }
export_ip_user_files -of_objects [get_files e:/comp2012/proj_miniRV/proj_single_cycle/proj_single_cycle.srcs/sources_1/ip/IROM/IROM.xci] -no_script -sync -force -quiet
reset_run IROM_synth_1
launch_runs -jobs 8 IROM_synth_1
[Thu Jul  6 11:41:03 2023] Launched IROM_synth_1...
Run output will be captured here: E:/comp2012/proj_miniRV/proj_single_cycle/proj_single_cycle.runs/IROM_synth_1/runme.log
export_simulation -of_objects [get_files e:/comp2012/proj_miniRV/proj_single_cycle/proj_single_cycle.srcs/sources_1/ip/IROM/IROM.xci] -directory E:/comp2012/proj_miniRV/proj_single_cycle/proj_single_cycle.ip_user_files/sim_scripts -ip_user_files_dir E:/comp2012/proj_miniRV/proj_single_cycle/proj_single_cycle.ip_user_files -ipstatic_source_dir E:/comp2012/proj_miniRV/proj_single_cycle/proj_single_cycle.ip_user_files/ipstatic -lib_map_path [list {modelsim=E:/comp2012/proj_miniRV/proj_single_cycle/proj_single_cycle.cache/compile_simlib/modelsim} {questa=E:/comp2012/proj_miniRV/proj_single_cycle/proj_single_cycle.cache/compile_simlib/questa} {riviera=E:/comp2012/proj_miniRV/proj_single_cycle/proj_single_cycle.cache/compile_simlib/riviera} {activehdl=E:/comp2012/proj_miniRV/proj_single_cycle/proj_single_cycle.cache/compile_simlib/activehdl}] -use_ip_compiled_libs -force -quiet
create_ip -name dist_mem_gen -vendor xilinx.com -library ip -version 8.0 -module_name DRAM -dir e:/comp2012/proj_miniRV/proj_single_cycle/proj_single_cycle.srcs/sources_1/ip
set_property -dict [list CONFIG.depth {16384} CONFIG.data_width {32} CONFIG.Component_Name {DRAM}] [get_ips DRAM]
WARNING: [Vivado 12-3523] Attempt to change 'Component_Name' from 'DRAM' to 'DRAM' is not allowed and is ignored.
generate_target {instantiation_template} [get_files e:/comp2012/proj_miniRV/proj_single_cycle/proj_single_cycle.srcs/sources_1/ip/DRAM/DRAM.xci]
INFO: [IP_Flow 19-1686] Generating 'Instantiation Template' target for IP 'DRAM'...
generate_target all [get_files  e:/comp2012/proj_miniRV/proj_single_cycle/proj_single_cycle.srcs/sources_1/ip/DRAM/DRAM.xci]
INFO: [IP_Flow 19-1686] Generating 'Synthesis' target for IP 'DRAM'...
INFO: [IP_Flow 19-1686] Generating 'Simulation' target for IP 'DRAM'...
INFO: [IP_Flow 19-1686] Generating 'Change Log' target for IP 'DRAM'...
catch { config_ip_cache -export [get_ips -all DRAM] }
export_ip_user_files -of_objects [get_files e:/comp2012/proj_miniRV/proj_single_cycle/proj_single_cycle.srcs/sources_1/ip/DRAM/DRAM.xci] -no_script -sync -force -quiet
create_ip_run [get_files -of_objects [get_fileset sources_1] e:/comp2012/proj_miniRV/proj_single_cycle/proj_single_cycle.srcs/sources_1/ip/DRAM/DRAM.xci]
launch_runs -jobs 8 DRAM_synth_1
[Thu Jul  6 11:45:58 2023] Launched DRAM_synth_1...
Run output will be captured here: E:/comp2012/proj_miniRV/proj_single_cycle/proj_single_cycle.runs/DRAM_synth_1/runme.log
export_simulation -of_objects [get_files e:/comp2012/proj_miniRV/proj_single_cycle/proj_single_cycle.srcs/sources_1/ip/DRAM/DRAM.xci] -directory E:/comp2012/proj_miniRV/proj_single_cycle/proj_single_cycle.ip_user_files/sim_scripts -ip_user_files_dir E:/comp2012/proj_miniRV/proj_single_cycle/proj_single_cycle.ip_user_files -ipstatic_source_dir E:/comp2012/proj_miniRV/proj_single_cycle/proj_single_cycle.ip_user_files/ipstatic -lib_map_path [list {modelsim=E:/comp2012/proj_miniRV/proj_single_cycle/proj_single_cycle.cache/compile_simlib/modelsim} {questa=E:/comp2012/proj_miniRV/proj_single_cycle/proj_single_cycle.cache/compile_simlib/questa} {riviera=E:/comp2012/proj_miniRV/proj_single_cycle/proj_single_cycle.cache/compile_simlib/riviera} {activehdl=E:/comp2012/proj_miniRV/proj_single_cycle/proj_single_cycle.cache/compile_simlib/activehdl}] -use_ip_compiled_libs -force -quiet
update_compile_order -fileset sources_1
update_compile_order -fileset sources_1
exit
INFO: [Common 17-206] Exiting Vivado at Thu Jul  6 12:11:29 2023...
