#-----------------------------------------------------------
# Vivado v2018.3 (64-bit)
# SW Build 2405991 on Thu Dec  6 23:38:27 MST 2018
# IP Build 2404404 on Fri Dec  7 01:43:56 MST 2018
# Start of session at: Mon Jul 10 14:57:38 2023
# Process ID: 976
# Current directory: E:/comp2012/proj_miniRV/proj_single_cycle
# Command line: vivado.exe -gui_launcher_event rodinguilauncherevent11704 E:\comp2012\proj_miniRV\proj_single_cycle\proj_single_cycle.xpr
# Log file: E:/comp2012/proj_miniRV/proj_single_cycle/vivado.log
# Journal file: E:/comp2012/proj_miniRV/proj_single_cycle\vivado.jou
#-----------------------------------------------------------
start_gui
open_project E:/comp2012/proj_miniRV/proj_single_cycle/proj_single_cycle.xpr
Scanning sources...
Finished scanning sources
INFO: [IP_Flow 19-234] Refreshing IP repositories
INFO: [IP_Flow 19-1704] No user IP repositories specified
INFO: [IP_Flow 19-2313] Loaded Vivado IP repository 'C:/Xilinx/Vivado/2018.3/data/ip'.
open_project: Time (s): cpu = 00:00:12 ; elapsed = 00:00:06 . Memory (MB): peak = 847.457 ; gain = 192.969
update_compile_order -fileset sources_1
update_compile_order -fileset sources_1
update_compile_order -fileset sources_1
exit
INFO: [Common 17-206] Exiting Vivado at Mon Jul 10 14:59:27 2023...
