Vivado Simulator 2018.3
Copyright 1986-1999, 2001-2018 Xilinx, Inc. All Rights Reserved.
Running: C:/Xilinx/Vivado/2018.3/bin/unwrapped/win64.o/xelab.exe -wto c7409b1ddabf4fa18ec9204b6edbe050 --incr --debug typical --relax --mt 2 -L dist_mem_gen_v8_0_12 -L xil_defaultlib -L unisims_ver -L unimacro_ver -L secureip -L xpm --snapshot miniRV_sim_behav xil_defaultlib.miniRV_sim xil_defaultlib.glbl -log elaborate.log 
Using 2 slave threads.
Starting static elaboration
Completed static elaboration
Starting simulation data flow analysis
Completed simulation data flow analysis
Time Resolution for simulation is 1ps
Compiling module unisims_ver.BUFG
Compiling module unisims_ver.PLLE2_ADV(CLKFBOUT_MULT=33,CLKIN...
Compiling module xil_defaultlib.cpuclk_clk_wiz
Compiling module xil_defaultlib.cpuclk
Compiling module xil_defaultlib.PC
Compiling module xil_defaultlib.NPC
Compiling module xil_defaultlib.SEXT
Compiling module xil_defaultlib.controller
Compiling module xil_defaultlib.RF
Compiling module xil_defaultlib.ALU
Compiling module xil_defaultlib.myCPU
Compiling module dist_mem_gen_v8_0_12.dist_mem_gen_v8_0_12(C_FAMILY="a...
Compiling module xil_defaultlib.IROM
Compiling module xil_defaultlib.Bridge
Compiling module dist_mem_gen_v8_0_12.dist_mem_gen_v8_0_12(C_FAMILY="a...
Compiling module xil_defaultlib.DRAM
Compiling module xil_defaultlib.LED
Compiling module xil_defaultlib.Button
Compiling module xil_defaultlib.Switch
Compiling module xil_defaultlib.Digital_LED
Compiling module xil_defaultlib.miniRV_SoC
Compiling module xil_defaultlib.miniRV_sim
Compiling module xil_defaultlib.glbl
Built simulation snapshot miniRV_sim_behav
